<?xml version="1.0" encoding="UTF-8"?>
<!-- Generated by org.testng.reporters.JUnitReportReporter -->
<testsuite hostname="DESKTOP-16BLF8J" failures="0" tests="16" name="Task1.Task1.AppTest" time="149.833" errors="0" timestamp="2024-03-21T11:38:52 IST" skipped="0">
  <testcase classname="Task1.Task1.AppTest" name="personal_profile_change" time="3.316">
    <system-out>
      <![CDATA[Personal Profile details Change Executed]]>
    </system-out>
  </testcase> <!-- personal_profile_change -->
  <testcase classname="Task1.Task1.AppTest" name="personal_profile_change" time="2.906">
    <system-out>
      <![CDATA[Personal Profile details Change Executed]]>
    </system-out>
  </testcase> <!-- personal_profile_change -->
  <testcase classname="Task1.Task1.AppTest" name="personal_profile_change" time="3.008">
    <system-out>
      <![CDATA[Personal Profile details Change Executed]]>
    </system-out>
  </testcase> <!-- personal_profile_change -->
  <testcase classname="Task1.Task1.AppTest" name="carrier_profile_change" time="19.810">
    <system-out>
      <![CDATA[Go to Carrier Profile Executed
Professional details Change Executed]]>
    </system-out>
  </testcase> <!-- carrier_profile_change -->
  <testcase classname="Task1.Task1.AppTest" name="carrier_profile_change" time="19.884">
    <system-out>
      <![CDATA[Go to Carrier Profile Executed
Professional details Change Executed]]>
    </system-out>
  </testcase> <!-- carrier_profile_change -->
  <testcase classname="Task1.Task1.AppTest" name="carrier_profile_change" time="19.623">
    <system-out>
      <![CDATA[Go to Carrier Profile Executed
Professional details Change Executed]]>
    </system-out>
  </testcase> <!-- carrier_profile_change -->
  <testcase classname="Task1.Task1.AppTest" name="exploreBlog" time="9.751"/>
  <testcase classname="Task1.Task1.AppTest" name="personal_profile_change" time="4.095">
    <system-out>
      <![CDATA[Personal Profile details Change Executed]]>
    </system-out>
  </testcase> <!-- personal_profile_change -->
  <testcase classname="Task1.Task1.AppTest" name="carrier_profile_change" time="19.663">
    <system-out>
      <![CDATA[Go to Carrier Profile Executed
Professional details Change Executed]]>
    </system-out>
  </testcase> <!-- carrier_profile_change -->
  <testcase classname="Task1.Task1.AppTest" name="logout" time="6.088">
    <system-out>
      <![CDATA[Log Out Executed]]>
    </system-out>
  </testcase> <!-- logout -->
  <testcase classname="Task1.Task1.AppTest" name="personal_profile_change" time="3.070">
    <system-out>
      <![CDATA[Personal Profile details Change Executed]]>
    </system-out>
  </testcase> <!-- personal_profile_change -->
  <testcase classname="Task1.Task1.AppTest" name="login" time="1.568">
    <system-out>
      <![CDATA[Login Executed]]>
    </system-out>
  </testcase> <!-- login -->
  <testcase classname="Task1.Task1.AppTest" name="personal_profile" time="9.676">
    <system-out>
      <![CDATA[Go to profile Executed]]>
    </system-out>
  </testcase> <!-- personal_profile -->
  <testcase classname="Task1.Task1.AppTest" name="goHome" time="4.775"/>
  <testcase classname="Task1.Task1.AppTest" name="carrier_profile_change" time="19.648">
    <system-out>
      <![CDATA[Go to Carrier Profile Executed
Professional details Change Executed]]>
    </system-out>
  </testcase> <!-- carrier_profile_change -->
  <testcase classname="Task1.Task1.AppTest" name="open_browser" time="2.952">
    <system-out>
      <![CDATA[Start Browser Executed]]>
    </system-out>
  </testcase> <!-- open_browser -->
  <system-out>
    <![CDATA[Start Browser Executed
Login Executed
Go to profile Executed
Personal Profile details Change Executed
Personal Profile details Change Executed
Personal Profile details Change Executed
Personal Profile details Change Executed
Personal Profile details Change Executed
Go to Carrier Profile Executed
Professional details Change Executed
Go to Carrier Profile Executed
Professional details Change Executed
Go to Carrier Profile Executed
Professional details Change Executed
Go to Carrier Profile Executed
Professional details Change Executed
Go to Carrier Profile Executed
Professional details Change Executed
Log Out Executed]]>
  </system-out>
</testsuite> <!-- Task1.Task1.AppTest -->
